1.000000 1.000000 1.000000 1.000000 1.000000 1.000000 1.000000 1.000000 1.000000 1.000000 1.000000 1.000000 1.000000 1.000000 1.000000 1.000000 
0.864898 0.862000 0.858317 0.854684 0.852664 0.851791 0.852400 0.852547 0.853512 0.854625 0.856822 0.859927 0.863383 0.866013 0.867223 0.867245 
0.731795 0.724626 0.715896 0.708408 0.703734 0.702795 0.703804 0.704996 0.706532 0.708641 0.712539 0.719537 0.727277 0.733251 0.736425 0.735955 
0.601582 0.589118 0.573376 0.558659 0.551902 0.552342 0.554986 0.557224 0.558349 0.560476 0.566028 0.577897 0.592139 0.603493 0.609230 0.608471 
0.476859 0.456918 0.429108 0.401784 0.392473 0.399587 0.407254 0.410133 0.409945 0.408239 0.411610 0.434327 0.459585 0.478587 0.488290 0.487927 
0.362938 0.332601 0.284818 0.225517 0.216260 0.246575 0.264561 0.267190 0.262161 0.250170 0.237628 0.288540 0.333649 0.362852 0.376987 0.376937 
0.264325 0.225886 0.152048 0.000000 0.000000 0.105325 0.137103 0.131494 0.121784 0.000000 0.000000 0.149626 0.222395 0.261479 0.279952 0.281221 
0.187622 0.154227 0.098260 0.024495 0.000000 0.038244 0.047151 0.000000 0.000000 0.000000 0.000000 0.086416 0.145470 0.181461 0.199429 0.201828 
0.129668 0.104584 0.062281 0.000000 0.000000 0.000000 0.011949 0.000000 0.000000 0.000000 0.000000 0.050896 0.090544 0.119242 0.135556 0.139711 
0.086670 0.071543 0.046287 0.016397 0.000000 0.000000 0.000000 -0.000023 0.000000 0.000000 0.000000 0.026216 0.046561 0.069368 0.084207 0.090756 
0.055240 0.048044 0.034957 0.018843 0.007945 0.003185 0.000000 0.000000 0.000000 0.000000 0.001716 0.006874 0.000000 0.027510 0.041277 0.053373 
0.032816 0.031821 0.025273 0.016519 0.009312 0.004430 0.001435 0.000000 0.000000 0.000000 0.000000 0.000000 0.000000 0.000000 0.000000 0.025102 
0.019451 0.020369 0.016990 0.012134 0.007435 0.003971 0.001716 0.000000 0.000000 -0.000098 -0.000082 0.000482 0.000965 0.002299 0.005379 0.014625 
0.011292 0.011554 0.010406 0.007783 0.004996 0.002894 0.001198 0.000000 0.000000 0.000000 0.000000 0.000445 0.001127 0.002512 0.004629 0.008567 
0.005177 0.005083 0.004769 0.003861 0.002843 0.001371 0.000577 0.000000 0.000000 -0.000016 0.000188 0.000416 0.000555 0.001418 0.002436 0.003955 
0.000000 0.000000 0.000000 0.000000 0.000000 0.000000 0.000000 0.000000 0.000000 0.000000 0.000000 0.000000 0.000000 0.000000 0.000000 0.000000 

0 0 0 0 0 0 0 0 0 0 0 0 0 0 0 0 
0 0 0 0 0 0 0 0 0 0 0 0 0 0 0 0 
0 0 0 0 0 0 0 0 0 0 0 0 0 0 0 0 
0 0 0 0 0 0 0 0 0 0 0 0 0 0 0 0 
0 0 0 0 0 0 0 0 0 0 0 0 0 0 0 0 
0 0 0 0 0 0 0 0 0 0 0 0 0 0 0 0 
0 0 0 1 1 0 0 0 0 1 1 0 0 0 0 0 
0 0 0 0 1 0 0 1 1 1 1 0 0 0 0 0 
0 0 0 1 1 1 0 1 1 1 1 0 0 0 0 0 
0 0 0 0 1 1 1 0 1 1 1 0 0 0 0 0 
0 0 0 0 0 0 1 1 0 1 0 0 1 0 0 0 
0 0 0 0 0 0 0 1 1 1 1 1 1 1 1 0 
0 0 0 0 0 0 0 1 1 0 0 0 0 0 0 0 
0 0 0 0 0 0 0 1 1 1 1 0 0 0 0 0 
0 0 0 0 0 0 0 1 1 0 0 0 0 0 0 0 
0 0 0 0 0 0 0 0 1 0 0 0 0 0 0 0 
