1.000000 1.000000 1.000000 1.000000 1.000000 1.000000 1.000000 1.000000 1.000000 1.000000 1.000000 1.000000 1.000000 1.000000 1.000000 1.000000 
0.888772 0.888097 0.886455 0.884678 0.882228 0.880099 0.878122 0.876830 0.876528 0.877121 0.878751 0.881013 0.883535 0.885851 0.887509 0.888680 
0.778249 0.776612 0.773495 0.769156 0.764593 0.759456 0.755310 0.752583 0.751511 0.752696 0.756496 0.761586 0.767179 0.772161 0.775752 0.777961 
0.669427 0.666532 0.661285 0.654069 0.646167 0.638443 0.631595 0.625986 0.623684 0.625796 0.632340 0.641654 0.651190 0.659605 0.665612 0.668991 
0.563206 0.559194 0.550841 0.539854 0.527742 0.516204 0.505817 0.496765 0.491329 0.494292 0.505606 0.521116 0.536348 0.549256 0.558193 0.563129 
0.462048 0.455737 0.443720 0.426939 0.409132 0.393064 0.378707 0.363585 0.350714 0.354173 0.375253 0.400730 0.424516 0.443000 0.455424 0.461851 
0.366818 0.358174 0.340748 0.316051 0.288009 0.268545 0.251884 0.226952 0.193759 0.196880 0.239482 0.282734 0.317421 0.342637 0.358845 0.367065 
0.280508 0.269265 0.245609 0.207737 0.158992 0.140210 0.133424 0.099684 0.000000 0.000000 0.000000 0.173387 0.219863 0.250781 0.270777 0.280447 
0.205493 0.193673 0.164831 0.110014 0.000000 0.000000 0.042880 0.037905 0.000000 0.000000 0.000000 0.088433 0.137352 0.170616 0.192438 0.204463 
0.143629 0.134787 0.110996 0.067596 0.000000 0.000000 0.000000 0.009557 0.000000 0.000000 0.000000 0.042426 0.070516 0.101456 0.123817 0.139172 
0.094380 0.091432 0.075890 0.050292 0.019523 0.007523 0.000000 0.000000 0.000000 0.000000 0.002887 0.011376 0.000000 0.040799 0.061963 0.084390 
0.057980 0.059674 0.051764 0.037153 0.021116 0.010503 0.003963 0.000000 0.000000 0.000000 0.000000 0.000000 0.000000 0.000000 0.000000 0.042190 
0.035497 0.038104 0.034174 0.026501 0.017352 0.010093 0.003988 0.000000 0.000000 0.000230 -0.000016 0.000675 0.001630 0.004045 0.010058 0.026078 
0.020866 0.022704 0.020837 0.016933 0.012176 0.006912 0.003412 0.000000 0.000000 0.000000 0.000000 0.000698 0.001669 0.004593 0.008786 0.016101 
0.009890 0.010660 0.010036 0.008355 0.005941 0.003749 0.001727 0.000000 0.000000 -0.000210 -0.000262 0.000623 0.001198 0.002485 0.005044 0.007676 
0.000000 0.000000 0.000000 0.000000 0.000000 0.000000 0.000000 0.000000 0.000000 0.000000 0.000000 0.000000 0.000000 0.000000 0.000000 0.000000 

0 0 0 0 0 0 0 0 0 0 0 0 0 0 0 0 
0 0 0 0 0 0 0 0 0 0 0 0 0 0 0 0 
0 0 0 0 0 0 0 0 0 0 0 0 0 0 0 0 
0 0 0 0 0 0 0 0 0 0 0 0 0 0 0 0 
0 0 0 0 0 0 0 0 0 0 0 0 0 0 0 0 
0 0 0 0 0 0 0 0 0 0 0 0 0 0 0 0 
0 0 0 0 0 0 0 0 0 0 0 0 0 0 0 0 
0 0 0 0 0 0 0 0 1 1 1 0 0 0 0 0 
0 0 0 0 1 1 0 0 1 1 1 0 0 0 0 0 
0 0 0 0 1 1 1 0 1 1 1 0 0 0 0 0 
0 0 0 0 0 0 1 1 0 1 0 0 1 0 0 0 
0 0 0 0 0 0 0 1 1 1 1 1 1 1 1 0 
0 0 0 0 0 0 0 1 1 0 0 0 0 0 0 0 
0 0 0 0 0 0 0 1 1 1 1 0 0 0 0 0 
0 0 0 0 0 0 0 1 1 0 0 0 0 0 0 0 
0 0 0 0 0 0 0 0 1 0 0 0 0 0 0 0 
