1.000000 1.000000 1.000000 1.000000 1.000000 1.000000 1.000000 1.000000 1.000000 1.000000 1.000000 1.000000 1.000000 1.000000 1.000000 1.000000 
0.893475 0.892913 0.891865 0.889877 0.887856 0.885536 0.883474 0.881925 0.881153 0.881075 0.882065 0.884023 0.886861 0.889367 0.891511 0.892825 
0.787499 0.786748 0.784399 0.780782 0.775805 0.770847 0.766519 0.763120 0.760900 0.760996 0.763536 0.768025 0.773704 0.779274 0.783718 0.786401 
0.683452 0.682137 0.678291 0.672062 0.664088 0.655762 0.648306 0.642166 0.638523 0.638534 0.643349 0.651314 0.661019 0.670114 0.677084 0.681617 
0.582434 0.580343 0.574313 0.564388 0.552466 0.539765 0.528446 0.518684 0.512017 0.510868 0.519280 0.533393 0.548836 0.562578 0.573042 0.580155 
0.485739 0.482783 0.473436 0.459355 0.441329 0.422611 0.407003 0.392546 0.379210 0.374068 0.389861 0.414226 0.438321 0.458480 0.473584 0.482567 
0.395333 0.390906 0.378460 0.357968 0.331022 0.302544 0.284761 0.265173 0.239164 0.216411 0.252472 0.295427 0.331681 0.359733 0.379401 0.391561 
0.313191 0.308014 0.291677 0.263245 0.221527 0.171923 0.163731 0.144650 0.096117 0.000000 0.108880 0.183293 0.233408 0.269284 0.293951 0.308549 
0.241351 0.235730 0.217126 0.181918 0.000000 0.000000 0.054359 0.052980 0.000000 0.000000 0.000000 0.094846 0.149674 0.190100 0.218602 0.235682 
0.180657 0.176021 0.159082 0.127379 0.076596 0.000000 0.000000 0.013035 0.000000 0.000000 0.000000 0.046885 0.079874 0.123021 0.154729 0.173780 
0.131753 0.129104 0.115867 0.092145 0.058743 0.020570 0.000000 0.000000 -0.000000 0.000000 0.003035 0.012556 0.000000 0.067227 0.103774 0.123993 
0.093502 0.092206 0.082846 0.066573 0.045679 0.023451 0.007904 0.000000 0.000000 0.000000 0.000000 0.000000 0.000000 0.000000 0.069663 0.086544 
0.063680 0.063097 0.057128 0.046594 0.033467 0.019890 0.008474 0.000000 0.000000 0.000251 0.001003 0.003723 0.010824 0.029374 0.046737 0.058332 
0.039463 0.039266 0.035828 0.029812 0.021990 0.013935 0.006413 0.000000 0.000000 0.000000 0.000000 0.004264 0.009715 0.019488 0.029107 0.035958 
0.018914 0.018904 0.017326 0.014436 0.010940 0.007147 0.003188 0.000000 0.000000 0.000189 0.000806 0.002555 0.005519 0.009625 0.013975 0.017223 
0.000000 0.000000 0.000000 0.000000 0.000000 0.000000 0.000000 0.000000 0.000000 0.000000 0.000000 0.000000 0.000000 0.000000 0.000000 0.000000 

0 0 0 0 0 0 0 0 0 0 0 0 0 0 0 0 
0 0 0 0 0 0 0 0 0 0 0 0 0 0 0 0 
0 0 0 0 0 0 0 0 0 0 0 0 0 0 0 0 
0 0 0 0 0 0 0 0 0 0 0 0 0 0 0 0 
0 0 0 0 0 0 0 0 0 0 0 0 0 0 0 0 
0 0 0 0 0 0 0 0 0 0 0 0 0 0 0 0 
0 0 0 0 0 0 0 0 0 0 0 0 0 0 0 0 
0 0 0 0 0 0 0 0 0 1 0 0 0 0 0 0 
0 0 0 0 1 1 0 0 1 1 1 0 0 0 0 0 
0 0 0 0 0 1 1 0 1 1 1 0 0 0 0 0 
0 0 0 0 0 0 1 1 0 1 0 0 1 0 0 0 
0 0 0 0 0 0 0 1 1 1 1 1 1 1 0 0 
0 0 0 0 0 0 0 1 1 0 0 0 0 0 0 0 
0 0 0 0 0 0 0 1 1 1 1 0 0 0 0 0 
0 0 0 0 0 0 0 1 1 0 0 0 0 0 0 0 
0 0 0 0 0 0 0 0 1 0 0 0 0 0 0 0 
