1.000000 1.000000 1.000000 1.000000 1.000000 1.000000 1.000000 1.000000 1.000000 1.000000 1.000000 1.000000 1.000000 1.000000 1.000000 1.000000 
0.931123 0.930934 0.931173 0.930895 0.930948 0.930589 0.930703 0.930477 0.930484 0.930477 0.930703 0.930589 0.930948 0.930895 0.931173 0.930934 
0.862155 0.862248 0.862024 0.862008 0.861556 0.861495 0.861204 0.861239 0.860868 0.861239 0.861204 0.861495 0.861556 0.862008 0.862024 0.862248 
0.793167 0.793110 0.793186 0.792869 0.792583 0.792052 0.792090 0.791744 0.791651 0.791744 0.792090 0.792052 0.792583 0.792869 0.793187 0.793110 
0.724520 0.724197 0.724063 0.723764 0.723327 0.722862 0.722629 0.722510 0.722264 0.722510 0.722629 0.722862 0.723327 0.723764 0.724063 0.724197 
0.655663 0.655525 0.655442 0.654818 0.654227 0.653720 0.653249 0.652912 0.652641 0.652913 0.653250 0.653720 0.654227 0.654818 0.655442 0.655525 
0.587569 0.587299 0.586724 0.586198 0.585211 0.584194 0.583646 0.583135 0.582946 0.583135 0.583646 0.584194 0.585211 0.586198 0.586724 0.587299 
0.519562 0.519451 0.518703 0.517485 0.516285 0.515004 0.513626 0.513003 0.512697 0.513003 0.513626 0.515003 0.516285 0.517485 0.518703 0.519451 
0.451970 0.451642 0.450784 0.449464 0.447466 0.445418 0.443538 0.441929 0.441835 0.441929 0.443538 0.445418 0.447466 0.449464 0.450783 0.451642 
0.385027 0.384598 0.383395 0.381576 0.379079 0.375910 0.372704 0.370319 0.369003 0.370319 0.372704 0.375910 0.379079 0.381576 0.383395 0.384598 
0.318636 0.318381 0.316928 0.314328 0.311114 0.306817 0.301759 0.297027 0.294496 0.297027 0.301759 0.306816 0.311114 0.314328 0.316928 0.318381 
0.253168 0.252608 0.251015 0.248374 0.243982 0.237992 0.230585 0.221834 0.216125 0.221834 0.230585 0.237992 0.243982 0.248374 0.251015 0.252608 
0.188538 0.188194 0.186627 0.183581 0.178827 0.171527 0.160197 0.143484 0.000000 0.143484 0.160197 0.171527 0.178827 0.183581 0.186627 0.188194 
0.125153 0.124553 0.123534 0.120998 0.116368 0.108761 0.094829 0.000000 0.000000 0.066445 0.094829 0.108761 0.116368 0.120998 0.123534 0.124553 
0.062247 0.062002 0.061319 0.059827 0.057160 0.052361 0.043671 0.027369 0.000000 0.027369 0.043671 0.052361 0.057160 0.059827 0.061319 0.062002 
0.000000 0.000000 0.000000 0.000000 0.000000 0.000000 0.000000 0.000000 0.000000 0.000000 0.000000 0.000000 0.000000 0.000000 0.000000 0.000000 

0 0 0 0 0 0 0 0 0 0 0 0 0 0 0 0 
0 0 0 0 0 0 0 0 0 0 0 0 0 0 0 0 
0 0 0 0 0 0 0 0 0 0 0 0 0 0 0 0 
0 0 0 0 0 0 0 0 0 0 0 0 0 0 0 0 
0 0 0 0 0 0 0 0 0 0 0 0 0 0 0 0 
0 0 0 0 0 0 0 0 0 0 0 0 0 0 0 0 
0 0 0 0 0 0 0 0 0 0 0 0 0 0 0 0 
0 0 0 0 0 0 0 0 0 0 0 0 0 0 0 0 
0 0 0 0 0 0 0 0 0 0 0 0 0 0 0 0 
0 0 0 0 0 0 0 0 0 0 0 0 0 0 0 0 
0 0 0 0 0 0 0 0 0 0 0 0 0 0 0 0 
0 0 0 0 0 0 0 0 0 0 0 0 0 0 0 0 
0 0 0 0 0 0 0 0 1 0 0 0 0 0 0 0 
0 0 0 0 0 0 0 1 1 0 0 0 0 0 0 0 
0 0 0 0 0 0 0 0 1 0 0 0 0 0 0 0 
0 0 0 0 0 0 0 0 1 0 0 0 0 0 0 0 
