1.000000 1.000000 1.000000 1.000000 1.000000 1.000000 1.000000 1.000000 1.000000 1.000000 1.000000 1.000000 1.000000 1.000000 1.000000 1.000000 
0.908497 0.908676 0.908143 0.907523 0.906233 0.904564 0.902957 0.901677 0.900736 0.900352 0.901066 0.902192 0.903939 0.905471 0.907003 0.907899 
0.817654 0.817930 0.817236 0.815334 0.812554 0.809228 0.805946 0.802755 0.800731 0.800322 0.801470 0.804269 0.807698 0.811282 0.814230 0.816351 
0.728060 0.728469 0.727088 0.724079 0.719571 0.713884 0.708046 0.702728 0.699088 0.698197 0.700523 0.705303 0.711283 0.717289 0.722162 0.725897 
0.640242 0.640971 0.638993 0.634315 0.627421 0.618985 0.609585 0.600883 0.594682 0.593091 0.597087 0.605124 0.614578 0.623782 0.631573 0.637045 
0.555230 0.555967 0.553177 0.546903 0.537195 0.524641 0.510592 0.496345 0.485417 0.482259 0.489681 0.503064 0.518271 0.531973 0.542986 0.550900 
0.473749 0.474606 0.471018 0.462535 0.449607 0.432263 0.411200 0.388780 0.368892 0.360553 0.376331 0.399902 0.422982 0.442572 0.457727 0.468005 
0.396754 0.397833 0.393401 0.382944 0.366432 0.343305 0.313924 0.278649 0.241287 0.214250 0.255249 0.297295 0.331466 0.357702 0.377034 0.389842 
0.325583 0.326884 0.321535 0.309610 0.289746 0.261107 0.222105 0.170436 0.102881 0.000000 0.133313 0.202546 0.247755 0.279986 0.302583 0.317619 
0.260937 0.262472 0.257007 0.243772 0.221766 0.189269 0.142691 0.078184 0.000000 0.000000 0.075457 0.131623 0.176998 0.211713 0.236290 0.252434 
0.203305 0.205024 0.199535 0.186492 0.164609 0.131530 0.000000 0.000000 -0.000466 0.000000 0.036692 0.071284 0.117243 0.153153 0.178388 0.194570 
0.152638 0.154330 0.149497 0.138023 0.118711 0.090510 0.051268 0.000000 0.000000 0.000000 0.000000 0.000000 0.067160 0.105378 0.129481 0.144541 
0.108322 0.109702 0.105964 0.096706 0.081948 0.060730 0.033120 0.000000 0.000000 0.000785 0.004136 0.015886 0.046186 0.071517 0.089802 0.101746 
0.069312 0.070175 0.067475 0.061334 0.051257 0.037424 0.019951 0.000000 0.000000 0.000000 0.000000 0.013374 0.029810 0.044888 0.056780 0.064821 
0.033846 0.034456 0.032712 0.029809 0.024820 0.017772 0.009520 0.000000 0.000000 0.000333 0.001911 0.007534 0.014851 0.021911 0.027482 0.031561 
0.000000 0.000000 0.000000 0.000000 0.000000 0.000000 0.000000 0.000000 0.000000 0.000000 0.000000 0.000000 0.000000 0.000000 0.000000 0.000000 

0 0 0 0 0 0 0 0 0 0 0 0 0 0 0 0 
0 0 0 0 0 0 0 0 0 0 0 0 0 0 0 0 
0 0 0 0 0 0 0 0 0 0 0 0 0 0 0 0 
0 0 0 0 0 0 0 0 0 0 0 0 0 0 0 0 
0 0 0 0 0 0 0 0 0 0 0 0 0 0 0 0 
0 0 0 0 0 0 0 0 0 0 0 0 0 0 0 0 
0 0 0 0 0 0 0 0 0 0 0 0 0 0 0 0 
0 0 0 0 0 0 0 0 0 0 0 0 0 0 0 0 
0 0 0 0 0 0 0 0 0 1 0 0 0 0 0 0 
0 0 0 0 0 0 0 0 1 1 0 0 0 0 0 0 
0 0 0 0 0 0 1 1 0 1 0 0 0 0 0 0 
0 0 0 0 0 0 0 1 1 1 1 1 0 0 0 0 
0 0 0 0 0 0 0 1 1 0 0 0 0 0 0 0 
0 0 0 0 0 0 0 1 1 1 1 0 0 0 0 0 
0 0 0 0 0 0 0 1 1 0 0 0 0 0 0 0 
0 0 0 0 0 0 0 0 1 0 0 0 0 0 0 0 
