1.000000 1.000000 1.000000 1.000000 1.000000 1.000000 1.000000 1.000000 1.000000 1.000000 1.000000 1.000000 1.000000 1.000000 1.000000 1.000000 
0.927395 0.927289 0.927266 0.926993 0.926744 0.926701 0.926647 0.926546 0.926323 0.926311 0.926413 0.926720 0.927095 0.927232 0.927367 0.927492 
0.854984 0.854684 0.854550 0.853869 0.853436 0.853183 0.852932 0.853110 0.852810 0.852435 0.852730 0.853598 0.854255 0.854238 0.854656 0.854954 
0.782456 0.782294 0.781945 0.781162 0.780358 0.779764 0.779385 0.779114 0.778806 0.778991 0.779229 0.780098 0.781206 0.781711 0.782309 0.782711 
0.710487 0.710013 0.709542 0.708210 0.707066 0.705987 0.705141 0.704981 0.704826 0.704689 0.705606 0.706768 0.708246 0.708978 0.709907 0.710409 
0.638693 0.638260 0.637099 0.635669 0.633672 0.632064 0.630728 0.630016 0.629842 0.630618 0.631457 0.633372 0.635096 0.636804 0.637888 0.638705 
0.567443 0.566629 0.565283 0.562785 0.560437 0.557782 0.555548 0.554565 0.554274 0.555335 0.557375 0.559508 0.562329 0.564460 0.566412 0.567196 
0.496821 0.496132 0.493617 0.490760 0.487062 0.483190 0.479901 0.477545 0.477499 0.479256 0.482332 0.486148 0.489472 0.493001 0.495240 0.496837 
0.427776 0.426333 0.423585 0.419389 0.414234 0.408148 0.402637 0.398835 0.398487 0.401553 0.406848 0.412451 0.417888 0.422244 0.425611 0.427258 
0.360086 0.358339 0.354760 0.349321 0.341774 0.332779 0.323659 0.316856 0.316102 0.321537 0.330280 0.339369 0.346984 0.353062 0.357375 0.359654 
0.294552 0.292614 0.288270 0.281224 0.271045 0.257696 0.242233 0.228805 0.227480 0.238649 0.253329 0.267244 0.278229 0.286212 0.291437 0.294104 
0.231242 0.229151 0.224262 0.215989 0.203500 0.184854 0.159112 0.000000 0.000000 0.151959 0.177764 0.197755 0.212126 0.221678 0.227916 0.231054 
0.170553 0.168128 0.163630 0.155229 0.141571 0.119477 0.080259 0.000000 0.000000 0.064779 0.107082 0.133835 0.150621 0.160728 0.166944 0.169949 
0.111739 0.110325 0.106606 0.099802 0.088682 0.070937 0.042487 0.000000 0.000000 0.000000 0.052598 0.079544 0.095124 0.104118 0.109061 0.111698 
0.055465 0.054732 0.052265 0.048907 0.042790 0.033049 0.018903 0.000000 0.000000 0.005999 0.023855 0.037342 0.045557 0.051340 0.054111 0.055073 
0.000000 0.000000 0.000000 0.000000 0.000000 0.000000 0.000000 0.000000 0.000000 0.000000 0.000000 0.000000 0.000000 0.000000 0.000000 0.000000 

0 0 0 0 0 0 0 0 0 0 0 0 0 0 0 0 
0 0 0 0 0 0 0 0 0 0 0 0 0 0 0 0 
0 0 0 0 0 0 0 0 0 0 0 0 0 0 0 0 
0 0 0 0 0 0 0 0 0 0 0 0 0 0 0 0 
0 0 0 0 0 0 0 0 0 0 0 0 0 0 0 0 
0 0 0 0 0 0 0 0 0 0 0 0 0 0 0 0 
0 0 0 0 0 0 0 0 0 0 0 0 0 0 0 0 
0 0 0 0 0 0 0 0 0 0 0 0 0 0 0 0 
0 0 0 0 0 0 0 0 0 0 0 0 0 0 0 0 
0 0 0 0 0 0 0 0 0 0 0 0 0 0 0 0 
0 0 0 0 0 0 0 0 0 0 0 0 0 0 0 0 
0 0 0 0 0 0 0 1 1 0 0 0 0 0 0 0 
0 0 0 0 0 0 0 1 1 0 0 0 0 0 0 0 
0 0 0 0 0 0 0 1 1 1 0 0 0 0 0 0 
0 0 0 0 0 0 0 1 1 0 0 0 0 0 0 0 
0 0 0 0 0 0 0 0 1 0 0 0 0 0 0 0 
