1.000000 1.000000 1.000000 1.000000 1.000000 1.000000 1.000000 1.000000 1.000000 1.000000 1.000000 1.000000 1.000000 1.000000 1.000000 1.000000 
0.809168 0.786503 0.757625 0.735379 0.749431 0.770128 0.784044 0.790109 0.790697 0.791681 0.800613 0.812332 0.822321 0.828191 0.829069 0.822945 
0.626647 0.579519 0.509283 0.434361 0.492990 0.546085 0.576845 0.585597 0.580431 0.576636 0.598648 0.625756 0.648922 0.662382 0.664657 0.653650 
0.464445 0.394138 0.265622 0.000000 0.241499 0.346046 0.389967 0.394616 0.370221 0.000000 0.391304 0.444743 0.484084 0.507671 0.513509 0.500774 
0.334955 0.267914 0.158739 0.000000 0.127216 0.207190 0.242045 0.234003 0.172013 0.000000 0.188033 0.277875 0.335791 0.370409 0.382297 0.371440 
0.237321 0.182333 0.102065 0.000000 0.060482 0.113632 0.137732 0.128147 0.083938 0.000000 0.082694 0.000000 0.212225 0.255694 0.273563 0.266834 
0.164181 0.123217 0.066282 0.000000 0.000000 0.049955 0.066773 0.057221 0.035134 0.000000 0.000000 0.000000 0.113304 0.166729 0.188426 0.186883 
0.110434 0.079546 0.039186 0.010008 0.000000 0.017963 0.022656 0.000000 0.000000 0.000000 0.000000 0.023515 0.073261 0.109187 0.126725 0.126538 
0.070740 0.045331 0.000000 0.000000 0.000000 0.000000 0.005610 0.000000 0.000000 0.000000 0.000000 0.020534 0.047319 0.069747 0.082441 0.082936 
0.045094 0.031270 0.012265 0.005007 0.000000 0.000000 0.000000 -0.000000 0.000000 0.000000 0.000000 0.011914 0.024708 0.040032 0.049354 0.051503 
0.028065 0.021475 0.012869 0.006635 0.002534 0.000924 0.000000 0.000000 0.000000 0.000000 0.000905 0.003242 0.000000 0.016023 0.023681 0.029051 
0.015944 0.014136 0.009936 0.006170 0.003243 0.001559 0.000730 0.000000 0.000000 0.000000 0.000000 0.000000 0.000000 0.000000 0.000000 0.013057 
0.009222 0.008444 0.006938 0.004781 0.002952 0.001482 0.000846 0.000000 0.000000 0.000046 -0.000062 0.000369 0.000824 0.001193 0.002754 0.007309 
0.005217 0.005253 0.004396 0.003059 0.002043 0.001127 0.000169 0.000000 0.000000 0.000000 0.000000 0.000543 0.001055 0.001673 0.002732 0.004052 
0.002571 0.002635 0.002176 0.001812 0.000818 0.000291 0.000299 0.000000 0.000000 -0.000012 0.000112 0.000402 0.000783 0.001067 0.001410 0.002195 
0.000000 0.000000 0.000000 0.000000 0.000000 0.000000 0.000000 0.000000 0.000000 0.000000 0.000000 0.000000 0.000000 0.000000 0.000000 0.000000 

0 0 0 0 0 0 0 0 0 0 0 0 0 0 0 0 
0 0 0 0 0 0 0 0 0 0 0 0 0 0 0 0 
0 0 0 0 0 0 0 0 0 0 0 0 0 0 0 0 
0 0 0 1 0 0 0 0 0 1 0 0 0 0 0 0 
0 0 0 1 0 0 0 0 0 1 0 0 0 0 0 0 
0 0 0 1 0 0 0 0 0 1 0 1 0 0 0 0 
0 0 0 1 1 0 0 0 0 1 1 1 0 0 0 0 
0 0 0 0 1 0 0 1 1 1 1 0 0 0 0 0 
0 0 1 1 1 1 0 1 1 1 1 0 0 0 0 0 
0 0 0 0 1 1 1 0 1 1 1 0 0 0 0 0 
0 0 0 0 0 0 1 1 0 1 0 0 1 0 0 0 
0 0 0 0 0 0 0 1 1 1 1 1 1 1 1 0 
0 0 0 0 0 0 0 1 1 0 0 0 0 0 0 0 
0 0 0 0 0 0 0 1 1 1 1 0 0 0 0 0 
0 0 0 0 0 0 0 1 1 0 0 0 0 0 0 0 
0 0 0 0 0 0 0 0 1 0 0 0 0 0 0 0 
