1.000000 1.000000 1.000000 1.000000 1.000000 1.000000 1.000000 1.000000 1.000000 1.000000 1.000000 1.000000 1.000000 1.000000 1.000000 1.000000 
0.853478 0.847343 0.841384 0.837122 0.836358 0.837977 0.840785 0.843117 0.845378 0.847410 0.850230 0.853545 0.857332 0.859546 0.859715 0.857683 
0.708641 0.695310 0.680884 0.670499 0.670071 0.675446 0.681739 0.686646 0.690263 0.694104 0.699894 0.707780 0.715413 0.720702 0.721738 0.717718 
0.567922 0.544609 0.515950 0.493514 0.497701 0.511800 0.523934 0.531417 0.535136 0.538778 0.547866 0.561956 0.576467 0.586142 0.588544 0.582675 
0.435555 0.398536 0.345815 0.288795 0.316287 0.349265 0.371045 0.379776 0.379855 0.378605 0.390024 0.416623 0.442012 0.458617 0.463882 0.456694 
0.318301 0.268616 0.179521 0.000000 0.128798 0.198887 0.230580 0.236459 0.226414 0.205474 0.216976 0.272573 0.316482 0.342452 0.351610 0.344054 
0.224583 0.177582 0.103756 0.000000 0.000000 0.086703 0.116262 0.109211 0.083850 0.000000 0.000000 0.140410 0.208534 0.243140 0.255693 0.249667 
0.152858 0.113070 0.057914 0.014415 0.000000 0.031432 0.039402 0.000000 0.000000 0.000000 0.000000 0.080181 0.134223 0.165703 0.178494 0.174508 
0.099537 0.063951 0.000000 0.000000 0.000000 0.000000 0.009870 0.000000 0.000000 0.000000 0.000000 0.046574 0.082159 0.106851 0.118340 0.116542 
0.064299 0.043918 0.016983 0.006640 0.000000 0.000000 0.000000 -0.000000 0.000000 0.000000 0.000000 0.023433 0.041670 0.060800 0.071816 0.073361 
0.039953 0.030167 0.017669 0.009111 0.003856 0.001679 0.000000 0.000000 0.000000 0.000000 0.001586 0.006358 0.000000 0.023702 0.034251 0.041775 
0.023311 0.020176 0.014046 0.008690 0.004804 0.002387 0.000877 0.000000 0.000000 0.000000 0.000000 0.000000 0.000000 0.000000 0.000000 0.018886 
0.013606 0.013036 0.010077 0.006931 0.004101 0.002437 0.000903 0.000000 0.000000 -0.000143 -0.000175 0.000039 0.000453 0.001441 0.003832 0.010763 
0.007703 0.007627 0.006421 0.004816 0.003135 0.001919 0.000930 0.000000 0.000000 0.000000 0.000000 0.000189 0.000565 0.001425 0.003332 0.006146 
0.003433 0.003508 0.003065 0.002340 0.001577 0.001091 0.000520 0.000000 0.000000 0.000124 -0.000032 0.000111 0.000284 0.000834 0.001790 0.002744 
0.000000 0.000000 0.000000 0.000000 0.000000 0.000000 0.000000 0.000000 0.000000 0.000000 0.000000 0.000000 0.000000 0.000000 0.000000 0.000000 

0 0 0 0 0 0 0 0 0 0 0 0 0 0 0 0 
0 0 0 0 0 0 0 0 0 0 0 0 0 0 0 0 
0 0 0 0 0 0 0 0 0 0 0 0 0 0 0 0 
0 0 0 0 0 0 0 0 0 0 0 0 0 0 0 0 
0 0 0 0 0 0 0 0 0 0 0 0 0 0 0 0 
0 0 0 1 0 0 0 0 0 0 0 0 0 0 0 0 
0 0 0 1 1 0 0 0 0 1 1 0 0 0 0 0 
0 0 0 0 1 0 0 1 1 1 1 0 0 0 0 0 
0 0 1 1 1 1 0 1 1 1 1 0 0 0 0 0 
0 0 0 0 1 1 1 0 1 1 1 0 0 0 0 0 
0 0 0 0 0 0 1 1 0 1 0 0 1 0 0 0 
0 0 0 0 0 0 0 1 1 1 1 1 1 1 1 0 
0 0 0 0 0 0 0 1 1 0 0 0 0 0 0 0 
0 0 0 0 0 0 0 1 1 1 1 0 0 0 0 0 
0 0 0 0 0 0 0 1 1 0 0 0 0 0 0 0 
0 0 0 0 0 0 0 0 1 0 0 0 0 0 0 0 
