1.000000 1.000000 1.000000 1.000000 1.000000 1.000000 1.000000 1.000000 1.000000 1.000000 1.000000 1.000000 1.000000 1.000000 1.000000 1.000000 
0.914741 0.914470 0.914323 0.913558 0.912677 0.911957 0.911005 0.910512 0.909669 0.909989 0.910166 0.911192 0.911881 0.912845 0.913716 0.914435 
0.829586 0.829704 0.828904 0.827791 0.825899 0.823858 0.821781 0.820004 0.819151 0.819048 0.820158 0.821902 0.823715 0.825740 0.827610 0.829140 
0.745519 0.745197 0.744502 0.742299 0.739105 0.735507 0.731963 0.728855 0.727449 0.727116 0.729268 0.732077 0.735631 0.738815 0.742150 0.744331 
0.662406 0.662407 0.660509 0.657266 0.652577 0.646724 0.641242 0.636712 0.633991 0.633810 0.636826 0.641621 0.647323 0.652846 0.657521 0.661050 
0.581731 0.581212 0.578661 0.573459 0.566549 0.558653 0.549926 0.542802 0.537900 0.537435 0.542120 0.550538 0.559191 0.567950 0.574674 0.579199 
0.503385 0.502550 0.499005 0.492230 0.482451 0.470448 0.457784 0.445802 0.437904 0.436478 0.444742 0.458121 0.471986 0.484228 0.493953 0.500353 
0.428008 0.427840 0.422735 0.413515 0.400353 0.383701 0.364233 0.345119 0.330366 0.325629 0.342392 0.365303 0.386540 0.403673 0.416331 0.424545 
0.357279 0.356337 0.350546 0.339049 0.321746 0.298984 0.270482 0.239101 0.213418 0.193069 0.233368 0.273429 0.304648 0.327681 0.343249 0.352919 
0.291248 0.290410 0.283479 0.270083 0.249545 0.219846 0.178897 0.127448 0.090767 0.000000 0.125074 0.190330 0.231208 0.258065 0.275920 0.286752 
0.230707 0.229694 0.222546 0.208351 0.186082 0.151930 0.097697 0.000000 0.022444 0.000000 0.076384 0.132066 0.170916 0.197851 0.215543 0.226126 
0.176036 0.174881 0.168077 0.155089 0.134636 0.104083 0.059989 0.000000 0.000000 0.000000 0.000000 0.090672 0.123074 0.146436 0.162223 0.171785 
0.126728 0.125815 0.120240 0.109565 0.093043 0.069403 0.038152 0.000000 0.000000 0.007281 0.028788 0.058654 0.083859 0.102646 0.115564 0.123482 
0.082006 0.081293 0.077222 0.069964 0.058556 0.042798 0.023007 0.000000 0.000000 0.000000 0.000000 0.030923 0.051147 0.064755 0.073924 0.079574 
0.040250 0.039853 0.038000 0.034075 0.028296 0.020578 0.010850 0.000000 0.000000 0.001041 0.004265 0.015020 0.024272 0.031293 0.036070 0.039078 
0.000000 0.000000 0.000000 0.000000 0.000000 0.000000 0.000000 0.000000 0.000000 0.000000 0.000000 0.000000 0.000000 0.000000 0.000000 0.000000 

0 0 0 0 0 0 0 0 0 0 0 0 0 0 0 0 
0 0 0 0 0 0 0 0 0 0 0 0 0 0 0 0 
0 0 0 0 0 0 0 0 0 0 0 0 0 0 0 0 
0 0 0 0 0 0 0 0 0 0 0 0 0 0 0 0 
0 0 0 0 0 0 0 0 0 0 0 0 0 0 0 0 
0 0 0 0 0 0 0 0 0 0 0 0 0 0 0 0 
0 0 0 0 0 0 0 0 0 0 0 0 0 0 0 0 
0 0 0 0 0 0 0 0 0 0 0 0 0 0 0 0 
0 0 0 0 0 0 0 0 0 0 0 0 0 0 0 0 
0 0 0 0 0 0 0 0 0 1 0 0 0 0 0 0 
0 0 0 0 0 0 0 1 0 1 0 0 0 0 0 0 
0 0 0 0 0 0 0 1 1 1 1 0 0 0 0 0 
0 0 0 0 0 0 0 1 1 0 0 0 0 0 0 0 
0 0 0 0 0 0 0 1 1 1 1 0 0 0 0 0 
0 0 0 0 0 0 0 1 1 0 0 0 0 0 0 0 
0 0 0 0 0 0 0 0 1 0 0 0 0 0 0 0 
