1.000000 1.000000 1.000000 1.000000 1.000000 1.000000 1.000000 1.000000 1.000000 1.000000 1.000000 1.000000 1.000000 1.000000 1.000000 1.000000 
0.899994 0.900066 0.899605 0.898132 0.896305 0.893788 0.891199 0.888642 0.886814 0.886096 0.886981 0.888835 0.891529 0.894237 0.896843 0.898626 
0.800632 0.801069 0.799985 0.797100 0.793123 0.787749 0.782072 0.776537 0.772485 0.771161 0.772774 0.777261 0.782861 0.788734 0.794091 0.798250 
0.703171 0.704192 0.702280 0.697820 0.690960 0.682197 0.672451 0.662730 0.655312 0.652715 0.655992 0.663969 0.674138 0.683989 0.692499 0.699204 
0.608322 0.609994 0.607313 0.600927 0.590863 0.577534 0.562018 0.546506 0.533352 0.528233 0.534419 0.548789 0.565000 0.580378 0.593361 0.602718 
0.517379 0.519596 0.515731 0.507420 0.493756 0.475246 0.452707 0.427248 0.404077 0.391889 0.405699 0.430785 0.457167 0.479791 0.497548 0.510109 
0.432091 0.434022 0.430052 0.419007 0.401572 0.376970 0.345266 0.306787 0.263776 0.230493 0.266098 0.311854 0.352061 0.383785 0.407429 0.423056 
0.353327 0.355778 0.350490 0.337551 0.316190 0.285824 0.245175 0.191020 0.113745 0.000000 0.116439 0.198799 0.255823 0.296101 0.324428 0.343137 
0.282484 0.284989 0.279101 0.264211 0.240025 0.204809 0.158397 0.098970 0.000000 0.000000 0.000000 0.111696 0.176201 0.220273 0.250925 0.270913 
0.219808 0.222306 0.216487 0.200569 0.174337 0.135275 0.084965 0.045762 0.000000 0.000000 0.021707 0.072080 0.117506 0.157177 0.187602 0.208263 
0.166191 0.168654 0.162698 0.147903 0.121379 0.077898 0.000000 0.000000 0.000000 0.000000 0.014940 0.038017 0.064741 0.103915 0.134448 0.154696 
0.121317 0.123841 0.118690 0.106515 0.085359 0.055169 0.018027 0.000000 0.000000 0.000000 0.000000 0.000000 0.000000 0.059066 0.091479 0.110952 
0.084170 0.086248 0.082710 0.073615 0.058957 0.039017 0.017352 0.000000 0.000000 0.000244 0.001391 0.005410 0.014914 0.040546 0.061749 0.076169 
0.053076 0.054621 0.052186 0.046484 0.037040 0.025066 0.012055 0.000000 0.000000 0.000000 0.000000 0.005774 0.013708 0.026727 0.038703 0.047832 
0.025653 0.026429 0.025183 0.022431 0.017813 0.012219 0.006014 0.000000 0.000000 0.000133 0.000962 0.003556 0.007738 0.013331 0.018894 0.023094 
0.000000 0.000000 0.000000 0.000000 0.000000 0.000000 0.000000 0.000000 0.000000 0.000000 0.000000 0.000000 0.000000 0.000000 0.000000 0.000000 

0 0 0 0 0 0 0 0 0 0 0 0 0 0 0 0 
0 0 0 0 0 0 0 0 0 0 0 0 0 0 0 0 
0 0 0 0 0 0 0 0 0 0 0 0 0 0 0 0 
0 0 0 0 0 0 0 0 0 0 0 0 0 0 0 0 
0 0 0 0 0 0 0 0 0 0 0 0 0 0 0 0 
0 0 0 0 0 0 0 0 0 0 0 0 0 0 0 0 
0 0 0 0 0 0 0 0 0 0 0 0 0 0 0 0 
0 0 0 0 0 0 0 0 0 1 0 0 0 0 0 0 
0 0 0 0 0 0 0 0 1 1 1 0 0 0 0 0 
0 0 0 0 0 0 0 0 1 1 0 0 0 0 0 0 
0 0 0 0 0 0 1 1 0 1 0 0 0 0 0 0 
0 0 0 0 0 0 0 1 1 1 1 1 1 0 0 0 
0 0 0 0 0 0 0 1 1 0 0 0 0 0 0 0 
0 0 0 0 0 0 0 1 1 1 1 0 0 0 0 0 
0 0 0 0 0 0 0 1 1 0 0 0 0 0 0 0 
0 0 0 0 0 0 0 0 1 0 0 0 0 0 0 0 
